Determining if the pthread_create exist failed with the following output:
Change Dir: /home/buqing2009/code/optiflow_mav_api/build/CMakeFiles/CMakeTmp

Run Build Command:/usr/bin/ninja cmTryCompileExec3842147007
[1/2] Building C object CMakeFiles/cmTryCompileExec3842147007.dir/CheckSymbolExists.c.o
[2/2] Linking C executable cmTryCompileExec3842147007
FAILED: : && /usr/bin/cc     CMakeFiles/cmTryCompileExec3842147007.dir/CheckSymbolExists.c.o  -o cmTryCompileExec3842147007  -rdynamic && :
CMakeFiles/cmTryCompileExec3842147007.dir/CheckSymbolExists.c.o: In function `main':
CheckSymbolExists.c:(.text+0x16): undefined reference to `pthread_create'
collect2: error: ld returned 1 exit status
ninja: build stopped: subcommand failed.

File /home/buqing2009/code/optiflow_mav_api/build/CMakeFiles/CMakeTmp/CheckSymbolExists.c:
/* */
#include <pthread.h>

int main(int argc, char** argv)
{
  (void)argv;
#ifndef pthread_create
  return ((int*)(&pthread_create))[argc];
#else
  (void)argc;
  return 0;
#endif
}

Determining if the function pthread_create exists in the pthreads failed with the following output:
Change Dir: /home/buqing2009/code/optiflow_mav_api/build/CMakeFiles/CMakeTmp

Run Build Command:/usr/bin/ninja cmTryCompileExec2672587247
[1/2] Building C object CMakeFiles/cmTryCompileExec2672587247.dir/CheckFunctionExists.c.o
[2/2] Linking C executable cmTryCompileExec2672587247
FAILED: : && /usr/bin/cc  -DCHECK_FUNCTION_EXISTS=pthread_create   CMakeFiles/cmTryCompileExec2672587247.dir/CheckFunctionExists.c.o  -o cmTryCompileExec2672587247  -rdynamic -lpthreads && :
/usr/bin/ld: cannot find -lpthreads
collect2: error: ld returned 1 exit status
ninja: build stopped: subcommand failed.


